c:\users\rahul\desktop\dev_projects\applications\sudoku-solve-gui\sudoku_gui\debug\vc142.pdb
c:\users\rahul\desktop\dev_projects\applications\sudoku-solve-gui\sudoku_gui\debug\vc142.idb
c:\users\rahul\desktop\dev_projects\applications\sudoku-solve-gui\sudoku_gui\debug\source.obj
c:\users\rahul\desktop\dev_projects\applications\sudoku-solve-gui\sudoku_gui\debug\sudoku_solve.obj
c:\users\rahul\desktop\dev_projects\applications\sudoku-solve-gui\sudoku_gui\debug\sudoku_gui.obj
c:\users\rahul\desktop\dev_projects\applications\sudoku-solve-gui\debug\sudoku_gui.exe
c:\users\rahul\desktop\dev_projects\applications\sudoku-solve-gui\debug\sudoku_gui.ilk
c:\users\rahul\desktop\dev_projects\applications\sudoku-solve-gui\debug\sudoku_gui.pdb
c:\users\rahul\desktop\dev_projects\applications\sudoku-solve-gui\sudoku_gui\debug\sudoku_gui.res
c:\users\rahul\desktop\dev_projects\applications\sudoku-solve-gui\sudoku_gui\debug\sudoku_gui.obj.enc
c:\users\rahul\desktop\dev_projects\applications\sudoku-solve-gui\sudoku_gui\debug\sudoku_solve.obj.enc
c:\users\rahul\desktop\dev_projects\applications\sudoku-solve-gui\sudoku_gui\debug\sudoku_gui.tlog\cl.command.1.tlog
c:\users\rahul\desktop\dev_projects\applications\sudoku-solve-gui\sudoku_gui\debug\sudoku_gui.tlog\cl.read.1.tlog
c:\users\rahul\desktop\dev_projects\applications\sudoku-solve-gui\sudoku_gui\debug\sudoku_gui.tlog\cl.write.1.tlog
c:\users\rahul\desktop\dev_projects\applications\sudoku-solve-gui\sudoku_gui\debug\sudoku_gui.tlog\link.command.1.tlog
c:\users\rahul\desktop\dev_projects\applications\sudoku-solve-gui\sudoku_gui\debug\sudoku_gui.tlog\link.read.1.tlog
c:\users\rahul\desktop\dev_projects\applications\sudoku-solve-gui\sudoku_gui\debug\sudoku_gui.tlog\link.write.1.tlog
c:\users\rahul\desktop\dev_projects\applications\sudoku-solve-gui\sudoku_gui\debug\sudoku_gui.tlog\rc.command.1.tlog
c:\users\rahul\desktop\dev_projects\applications\sudoku-solve-gui\sudoku_gui\debug\sudoku_gui.tlog\rc.read.1.tlog
c:\users\rahul\desktop\dev_projects\applications\sudoku-solve-gui\sudoku_gui\debug\sudoku_gui.tlog\rc.write.1.tlog
