  Sudoku_GUI.c
C:\Users\rahul\Desktop\Dev_Projects\Applications\sudoku-solve-GUI\Sudoku_GUI\Sudoku_GUI.c(34,75): warning C4028: formal parameter 3 different from declaration
C:\Users\rahul\Desktop\Dev_Projects\Applications\sudoku-solve-GUI\Sudoku_GUI\Sudoku_GUI.c(141,56): warning C4047: 'function': 'SIZE_T' differs in levels of indirection from 'void *'
C:\Users\rahul\Desktop\Dev_Projects\Applications\sudoku-solve-GUI\Sudoku_GUI\Sudoku_GUI.c(141,56): warning C4024: 'CreateThread': different types for formal and actual parameter 2
C:\Users\rahul\Desktop\Dev_Projects\Applications\sudoku-solve-GUI\Sudoku_GUI\Sudoku_GUI.c(153,63): warning C4047: 'function': 'LPDWORD' differs in levels of indirection from 'LPDWORD *'
C:\Users\rahul\Desktop\Dev_Projects\Applications\sudoku-solve-GUI\Sudoku_GUI\Sudoku_GUI.c(153,63): warning C4024: 'GetExitCodeThread': different types for formal and actual parameter 2
C:\Users\rahul\Desktop\Dev_Projects\Applications\sudoku-solve-GUI\Sudoku_GUI\Sudoku_GUI.c(154,60): warning C4047: 'function': 'DWORD' differs in levels of indirection from 'LPDWORD'
C:\Users\rahul\Desktop\Dev_Projects\Applications\sudoku-solve-GUI\Sudoku_GUI\Sudoku_GUI.c(154,60): warning C4024: 'TerminateThread': different types for formal and actual parameter 2
C:\Users\rahul\Desktop\Dev_Projects\Applications\sudoku-solve-GUI\Sudoku_GUI\Sudoku_GUI.c(189,63): warning C4047: 'function': 'LPDWORD' differs in levels of indirection from 'LPDWORD *'
C:\Users\rahul\Desktop\Dev_Projects\Applications\sudoku-solve-GUI\Sudoku_GUI\Sudoku_GUI.c(189,63): warning C4024: 'GetExitCodeThread': different types for formal and actual parameter 2
C:\Users\rahul\Desktop\Dev_Projects\Applications\sudoku-solve-GUI\Sudoku_GUI\Sudoku_GUI.c(190,60): warning C4047: 'function': 'DWORD' differs in levels of indirection from 'LPDWORD'
C:\Users\rahul\Desktop\Dev_Projects\Applications\sudoku-solve-GUI\Sudoku_GUI\Sudoku_GUI.c(190,60): warning C4024: 'TerminateThread': different types for formal and actual parameter 2
C:\Users\rahul\Desktop\Dev_Projects\Applications\sudoku-solve-GUI\Sudoku_GUI\Sudoku_GUI.c(514,77): warning C4047: 'function': 'LPARAM' differs in levels of indirection from 'NMHDR *'
C:\Users\rahul\Desktop\Dev_Projects\Applications\sudoku-solve-GUI\Sudoku_GUI\Sudoku_GUI.c(514,77): warning C4024: 'SendMessageW': different types for formal and actual parameter 4
C:\Users\rahul\Desktop\Dev_Projects\Applications\sudoku-solve-GUI\Sudoku_GUI\Sudoku_GUI.c(518,55): warning C4047: 'function': 'LPDWORD' differs in levels of indirection from 'LPDWORD *'
C:\Users\rahul\Desktop\Dev_Projects\Applications\sudoku-solve-GUI\Sudoku_GUI\Sudoku_GUI.c(518,55): warning C4024: 'GetExitCodeThread': different types for formal and actual parameter 2
C:\Users\rahul\Desktop\Dev_Projects\Applications\sudoku-solve-GUI\Sudoku_GUI\Sudoku_GUI.c(519,28): warning C4047: 'function': 'DWORD' differs in levels of indirection from 'LPDWORD'
C:\Users\rahul\Desktop\Dev_Projects\Applications\sudoku-solve-GUI\Sudoku_GUI\Sudoku_GUI.c(519,28): warning C4024: 'ExitThread': different types for formal and actual parameter 1
C:\Users\rahul\Desktop\Dev_Projects\Applications\sudoku-solve-GUI\Sudoku_GUI\Sudoku_GUI.c(523,73): warning C4047: 'function': 'int (*)[9]' differs in levels of indirection from 'HWND'
C:\Users\rahul\Desktop\Dev_Projects\Applications\sudoku-solve-GUI\Sudoku_GUI\Sudoku_GUI.c(523,73): warning C4024: 'solveSudoku': different types for formal and actual parameter 2
C:\Users\rahul\Desktop\Dev_Projects\Applications\sudoku-solve-GUI\Sudoku_GUI\Sudoku_GUI.c(523,81): warning C4047: 'function': 'int' differs in levels of indirection from 'int [9][9]'
C:\Users\rahul\Desktop\Dev_Projects\Applications\sudoku-solve-GUI\Sudoku_GUI\Sudoku_GUI.c(523,81): warning C4024: 'solveSudoku': different types for formal and actual parameter 3
C:\Users\rahul\Desktop\Dev_Projects\Applications\sudoku-solve-GUI\Sudoku_GUI\Sudoku_GUI.c(527,73): warning C4047: 'function': 'LPARAM' differs in levels of indirection from 'NMHDR *'
C:\Users\rahul\Desktop\Dev_Projects\Applications\sudoku-solve-GUI\Sudoku_GUI\Sudoku_GUI.c(527,73): warning C4024: 'SendMessageW': different types for formal and actual parameter 4
C:\Users\rahul\Desktop\Dev_Projects\Applications\sudoku-solve-GUI\Sudoku_GUI\Sudoku_GUI.c(528): warning C4715: 'sudokuSolveDriver': not all control paths return a value
  Sudoku_GUI.vcxproj -> C:\Users\rahul\Desktop\Dev_Projects\Applications\sudoku-solve-GUI\Debug\Sudoku_GUI.exe
